0 info it worked if it ends with ok
1 verbose cli [ 'C:\\Program Files\\nodejs\\node.exe',
1 verbose cli   'C:\\Program Files\\nodejs\\node_modules\\npm\\bin\\npm-cli.js',
1 verbose cli   'run',
1 verbose cli   'dev' ]
2 info using npm@3.8.6
3 info using node@v6.0.0
4 verbose run-script [ 'predev', 'dev', 'postdev' ]
5 info lifecycle site@1.0.0~predev: site@1.0.0
6 silly lifecycle site@1.0.0~predev: no script for predev, continuing
7 info lifecycle site@1.0.0~dev: site@1.0.0
8 verbose lifecycle site@1.0.0~dev: unsafe-perm in lifecycle true
9 verbose lifecycle site@1.0.0~dev: PATH: C:\Users\zh3nya\AppData\Roaming\nvm\v6.0.0\node_modules\npm\bin\node-gyp-bin;C:\Users\zh3nya\WebstormProjects\lo-candles\site\node_modules\.bin;C:\Program Files\nodejs;C:\ProgramData\Oracle\Java\javapath;C:\Windows\system32;C:\Windows;C:\Windows\System32\Wbem;C:\Windows\System32\WindowsPowerShell\v1.0\;C:\Program Files\NVIDIA Corporation\NVIDIA NvDLISR;C:\Program Files (x86)\NVIDIA Corporation\PhysX\Common;D:\programming\Git\cmd;C:\Program Files\Microsoft SQL Server\150\Tools\Binn\;C:\Program Files\Microsoft SQL Server\Client SDK\ODBC\170\Tools\Binn\;C:\Program Files\dotnet\;C:\Program Files\PuTTY\;D:\programming\Git\bin;C:\Users\zh3nya\AppData\Roaming\nvm;C:\Program Files\nodejs;C:\Users\zh3nya\AppData\Local\Microsoft\WindowsApps;C:\Users\zh3nya\AppData\Local\Programs\Microsoft VS Code\bin;C:\Users\zh3nya\AppData\Roaming\npm;C:\Users\zh3nya\AppData\Local\GitHubDesktop\bin;C:\Users\zh3nya\.dotnet\tools;E:\wamp64\bin\php\php8.2.0;C:\php8;C:\Users\zh3nya\AppData\Local\ComposerSetup\bin;C:\Users\zh3nya\AppData\Roaming\Composer\vendor\bin;C:\Users\zh3nya\AppData\Roaming\nvm;C:\Program Files\nodejs
10 verbose lifecycle site@1.0.0~dev: CWD: C:\Users\zh3nya\WebstormProjects\lo-candles\site
11 silly lifecycle site@1.0.0~dev: Args: [ '/d /s /c', 'nuxt' ]
12 silly lifecycle site@1.0.0~dev: Returned: code: 1  signal: null
13 info lifecycle site@1.0.0~dev: Failed to exec dev script
14 verbose stack Error: site@1.0.0 dev: `nuxt`
14 verbose stack Exit status 1
14 verbose stack     at EventEmitter.<anonymous> (C:\Users\zh3nya\AppData\Roaming\nvm\v6.0.0\node_modules\npm\lib\utils\lifecycle.js:239:16)
14 verbose stack     at emitTwo (events.js:106:13)
14 verbose stack     at EventEmitter.emit (events.js:191:7)
14 verbose stack     at ChildProcess.<anonymous> (C:\Users\zh3nya\AppData\Roaming\nvm\v6.0.0\node_modules\npm\lib\utils\spawn.js:24:14)
14 verbose stack     at emitTwo (events.js:106:13)
14 verbose stack     at ChildProcess.emit (events.js:191:7)
14 verbose stack     at maybeClose (internal/child_process.js:850:16)
14 verbose stack     at Process.ChildProcess._handle.onexit (internal/child_process.js:215:5)
15 verbose pkgid site@1.0.0
16 verbose cwd C:\Users\zh3nya\WebstormProjects\lo-candles\site
17 error Windows_NT 10.0.19043
18 error argv "C:\\Program Files\\nodejs\\node.exe" "C:\\Program Files\\nodejs\\node_modules\\npm\\bin\\npm-cli.js" "run" "dev"
19 error node v6.0.0
20 error npm  v3.8.6
21 error code ELIFECYCLE
22 error site@1.0.0 dev: `nuxt`
22 error Exit status 1
23 error Failed at the site@1.0.0 dev script 'nuxt'.
23 error Make sure you have the latest version of node.js and npm installed.
23 error If you do, this is most likely a problem with the site package,
23 error not with npm itself.
23 error Tell the author that this fails on your system:
23 error     nuxt
23 error You can get information on how to open an issue for this project with:
23 error     npm bugs site
23 error Or if that isn't available, you can get their info via:
23 error     npm owner ls site
23 error There is likely additional logging output above.
24 verbose exit [ 1, true ]
